<?xml version="1.0" encoding="UTF-8"?>
<!-- Generated by org.testng.reporters.JUnitXMLReporter -->
<testsuite hostname="CK-Laptop" name="Command line test" tests="16" failures="0" timestamp="10 Apr 2018 17:12:17 GMT" time="1022.635" errors="0">
  <testcase name="fillForm" time="46.373" classname="test.com.AutoTraderFillTest"/>
  <testcase name="condForm" time="39.25" classname="test.com.CondTest"/>
  <testcase name="drivetypeForm" time="25.822" classname="test.com.DriveTypeTest"/>
  <testcase name="test" time="29.119" classname="test.com.FeatureTest"/>
  <testcase name="fueleconForm" time="23.838" classname="test.com.FuelTest"/>
  <testcase name="listingfeaturesForm" time="26.745" classname="test.com.ListFeatTest"/>
  <testcase name="location" time="26.174" classname="test.com.LocationTest"/>
  <testcase name="mmtForm" time="165.217" classname="test.com.MakeModelTest"/>
  <testcase name="mileageForm" time="24.367" classname="test.com.MilageTest"/>
  <testcase name="priceCompare" time="84.687" classname="test.com.PriceTest"/>
  <testcase name="sellersForm" time="25.406" classname="test.com.SellersTest"/>
  <testcase name="test" time="293.846" classname="test.com.SpecTest"/>
  <testcase name="styleForm1" time="53.911" classname="test.com.StyleTest"/>
  <testcase name="MainTitle" time="68.046" classname="test.com.TitleTest"/>
  <testcase name="yearForm" time="68.9" classname="test.com.YearTest"/>
  <testcase name="zipcode" time="20.904" classname="test.com.ZipCodeTest"/>
</testsuite> <!-- Command line test -->
