<?xml version="1.0" encoding="UTF-8"?>
<testng-results skipped="0" failed="0" total="1" passed="1">
  <reporter-output>
  </reporter-output>
  <suite name="test.com.CondTest" duration-ms="22338" started-at="2018-04-10T23:43:09Z" finished-at="2018-04-10T23:43:31Z">
    <groups>
    </groups>
    <test name="Command line test" duration-ms="22338" started-at="2018-04-10T23:43:09Z" finished-at="2018-04-10T23:43:31Z">
      <class name="test.com.CondTest">
        <test-method status="PASS" signature="setUpMethod()[pri:0, instance:test.com.CondTest@511baa65]" name="setUpMethod" is-config="true" duration-ms="0" started-at="2018-04-10T18:43:09Z" finished-at="2018-04-10T18:43:09Z">
          <reporter-output>
          </reporter-output>
        </test-method> <!-- setUpMethod -->
        <test-method status="PASS" signature="condForm()[pri:0, instance:test.com.CondTest@511baa65]" name="condForm" duration-ms="22323" started-at="2018-04-10T18:43:09Z" finished-at="2018-04-10T18:43:31Z">
          <reporter-output>
          </reporter-output>
        </test-method> <!-- condForm -->
        <test-method status="PASS" signature="setUpClass()[pri:0, instance:test.com.CondTest@511baa65]" name="setUpClass" is-config="true" duration-ms="0" started-at="2018-04-10T18:43:09Z" finished-at="2018-04-10T18:43:09Z">
          <reporter-output>
          </reporter-output>
        </test-method> <!-- setUpClass -->
        <test-method status="PASS" signature="tearDownMethod()[pri:0, instance:test.com.CondTest@511baa65]" name="tearDownMethod" is-config="true" duration-ms="0" started-at="2018-04-10T18:43:31Z" finished-at="2018-04-10T18:43:31Z">
          <reporter-output>
          </reporter-output>
        </test-method> <!-- tearDownMethod -->
        <test-method status="PASS" signature="tearDownClass()[pri:0, instance:test.com.CondTest@511baa65]" name="tearDownClass" is-config="true" duration-ms="0" started-at="2018-04-10T18:43:31Z" finished-at="2018-04-10T18:43:31Z">
          <reporter-output>
          </reporter-output>
        </test-method> <!-- tearDownClass -->
      </class> <!-- test.com.CondTest -->
    </test> <!-- Command line test -->
  </suite> <!-- test.com.CondTest -->
</testng-results>
