<?xml version="1.0" encoding="UTF-8" ?>
<testsuite tests="16" failures="0" name="TestSuite" time="1,022.595" errors="0" skipped="0">
  <properties>
[...]
</properties>
  <testcase classname="test.com.AutoTraderFillTest" name="fillForm" time="46.376"/>
  <testcase classname="test.com.CondTest" name="condForm" time="39.24"/>
  <testcase classname="test.com.DriveTypeTest" name="drivetypeForm" time="25.821"/>
  <testcase classname="test.com.FeatureTest" name="test" time="29.119"/>
  <testcase classname="test.com.FuelTest" name="fueleconForm" time="23.836"/>
  <testcase classname="test.com.ListFeatTest" name="listingfeaturesForm" time="26.745"/>
  <testcase classname="test.com.LocationTest" name="location" time="26.174"/>
  <testcase classname="test.com.MakeModelTest" name="mmtForm" time="165.216"/>
  <testcase classname="test.com.MilageTest" name="mileageForm" time="24.367"/>
  <testcase classname="test.com.PriceTest" name="priceCompare" time="84.687"/>
  <testcase classname="test.com.SellersTest" name="sellersForm" time="25.407"/>
  <testcase classname="test.com.SpecTest" name="test" time="293.846"/>
  <testcase classname="test.com.StyleTest" name="styleForm1" time="53.911"/>
  <testcase classname="test.com.TitleTest" name="MainTitle" time="68.047"/>
  <testcase classname="test.com.YearTest" name="yearForm" time="68.899"/>
  <testcase classname="test.com.ZipCodeTest" name="zipcode" time="20.904"/>
</testsuite>